<?xml version="1.0" encoding="UTF-8"?>
<testsuite xmlns:xsi="http://www.w3.org/2001/XMLSchema-instance" xsi:noNamespaceSchemaLocation="https://maven.apache.org/surefire/maven-surefire-plugin/xsd/surefire-test-report.xsd" version="3.0.2" name="group3.bankingApp.config.SecurityAuthorizationTest" time="3.919" tests="5" errors="0" skipped="0" failures="0">
  <properties>
    <property name="java.specification.version" value="21"/>
    <property name="sun.jnu.encoding" value="UTF-8"/>
    <property name="java.class.path" value="/media/sietse/Data/InHolland/year-2/term4/Banking-Project/Back-End/target/test-classes:/media/sietse/Data/InHolland/year-2/term4/Banking-Project/Back-End/target/classes:/home/sietse/.m2/repository/org/springframework/boot/spring-boot-starter-web/3.4.4/spring-boot-starter-web-3.4.4.jar:/home/sietse/.m2/repository/org/springframework/boot/spring-boot-starter/3.4.4/spring-boot-starter-3.4.4.jar:/home/sietse/.m2/repository/org/springframework/boot/spring-boot/3.4.4/spring-boot-3.4.4.jar:/home/sietse/.m2/repository/org/springframework/boot/spring-boot-autoconfigure/3.4.4/spring-boot-autoconfigure-3.4.4.jar:/home/sietse/.m2/repository/org/springframework/boot/spring-boot-starter-logging/3.4.4/spring-boot-starter-logging-3.4.4.jar:/home/sietse/.m2/repository/ch/qos/logback/logback-classic/1.5.18/logback-classic-1.5.18.jar:/home/sietse/.m2/repository/ch/qos/logback/logback-core/1.5.18/logback-core-1.5.18.jar:/home/sietse/.m2/repository/org/apache/logging/log4j/log4j-to-slf4j/2.24.3/log4j-to-slf4j-2.24.3.jar:/home/sietse/.m2/repository/org/apache/logging/log4j/log4j-api/2.24.3/log4j-api-2.24.3.jar:/home/sietse/.m2/repository/org/slf4j/jul-to-slf4j/2.0.17/jul-to-slf4j-2.0.17.jar:/home/sietse/.m2/repository/jakarta/annotation/jakarta.annotation-api/2.1.1/jakarta.annotation-api-2.1.1.jar:/home/sietse/.m2/repository/org/yaml/snakeyaml/2.3/snakeyaml-2.3.jar:/home/sietse/.m2/repository/org/springframework/boot/spring-boot-starter-json/3.4.4/spring-boot-starter-json-3.4.4.jar:/home/sietse/.m2/repository/com/fasterxml/jackson/datatype/jackson-datatype-jdk8/2.18.3/jackson-datatype-jdk8-2.18.3.jar:/home/sietse/.m2/repository/com/fasterxml/jackson/module/jackson-module-parameter-names/2.18.3/jackson-module-parameter-names-2.18.3.jar:/home/sietse/.m2/repository/org/springframework/boot/spring-boot-starter-tomcat/3.4.4/spring-boot-starter-tomcat-3.4.4.jar:/home/sietse/.m2/repository/org/apache/tomcat/embed/tomcat-embed-core/10.1.39/tomcat-embed-core-10.1.39.jar:/home/sietse/.m2/repository/org/apache/tomcat/embed/tomcat-embed-el/10.1.39/tomcat-embed-el-10.1.39.jar:/home/sietse/.m2/repository/org/apache/tomcat/embed/tomcat-embed-websocket/10.1.39/tomcat-embed-websocket-10.1.39.jar:/home/sietse/.m2/repository/org/springframework/spring-web/6.2.5/spring-web-6.2.5.jar:/home/sietse/.m2/repository/org/springframework/spring-beans/6.2.5/spring-beans-6.2.5.jar:/home/sietse/.m2/repository/io/micrometer/micrometer-observation/1.14.5/micrometer-observation-1.14.5.jar:/home/sietse/.m2/repository/io/micrometer/micrometer-commons/1.14.5/micrometer-commons-1.14.5.jar:/home/sietse/.m2/repository/org/springframework/spring-webmvc/6.2.5/spring-webmvc-6.2.5.jar:/home/sietse/.m2/repository/org/springframework/spring-context/6.2.5/spring-context-6.2.5.jar:/home/sietse/.m2/repository/org/springframework/spring-expression/6.2.5/spring-expression-6.2.5.jar:/home/sietse/.m2/repository/org/springframework/boot/spring-boot-starter-data-jpa/3.4.4/spring-boot-starter-data-jpa-3.4.4.jar:/home/sietse/.m2/repository/org/springframework/boot/spring-boot-starter-jdbc/3.4.4/spring-boot-starter-jdbc-3.4.4.jar:/home/sietse/.m2/repository/com/zaxxer/HikariCP/5.1.0/HikariCP-5.1.0.jar:/home/sietse/.m2/repository/org/springframework/spring-jdbc/6.2.5/spring-jdbc-6.2.5.jar:/home/sietse/.m2/repository/org/springframework/data/spring-data-jpa/3.4.4/spring-data-jpa-3.4.4.jar:/home/sietse/.m2/repository/org/springframework/data/spring-data-commons/3.4.4/spring-data-commons-3.4.4.jar:/home/sietse/.m2/repository/org/springframework/spring-orm/6.2.5/spring-orm-6.2.5.jar:/home/sietse/.m2/repository/org/springframework/spring-tx/6.2.5/spring-tx-6.2.5.jar:/home/sietse/.m2/repository/org/slf4j/slf4j-api/2.0.17/slf4j-api-2.0.17.jar:/home/sietse/.m2/repository/org/springframework/spring-aspects/6.2.5/spring-aspects-6.2.5.jar:/home/sietse/.m2/repository/org/aspectj/aspectjweaver/1.9.23/aspectjweaver-1.9.23.jar:/home/sietse/.m2/repository/org/flywaydb/flyway-core/10.20.1/flyway-core-10.20.1.jar:/home/sietse/.m2/repository/com/fasterxml/jackson/dataformat/jackson-dataformat-toml/2.18.3/jackson-dataformat-toml-2.18.3.jar:/home/sietse/.m2/repository/com/fasterxml/jackson/core/jackson-core/2.18.3/jackson-core-2.18.3.jar:/home/sietse/.m2/repository/com/fasterxml/jackson/datatype/jackson-datatype-jsr310/2.18.3/jackson-datatype-jsr310-2.18.3.jar:/home/sietse/.m2/repository/com/fasterxml/jackson/core/jackson-annotations/2.18.3/jackson-annotations-2.18.3.jar:/home/sietse/.m2/repository/org/springframework/boot/spring-boot-starter-test/3.4.4/spring-boot-starter-test-3.4.4.jar:/home/sietse/.m2/repository/org/springframework/boot/spring-boot-test/3.4.4/spring-boot-test-3.4.4.jar:/home/sietse/.m2/repository/org/springframework/boot/spring-boot-test-autoconfigure/3.4.4/spring-boot-test-autoconfigure-3.4.4.jar:/home/sietse/.m2/repository/com/jayway/jsonpath/json-path/2.9.0/json-path-2.9.0.jar:/home/sietse/.m2/repository/jakarta/xml/bind/jakarta.xml.bind-api/4.0.2/jakarta.xml.bind-api-4.0.2.jar:/home/sietse/.m2/repository/jakarta/activation/jakarta.activation-api/2.1.3/jakarta.activation-api-2.1.3.jar:/home/sietse/.m2/repository/net/minidev/json-smart/2.5.2/json-smart-2.5.2.jar:/home/sietse/.m2/repository/net/minidev/accessors-smart/2.5.2/accessors-smart-2.5.2.jar:/home/sietse/.m2/repository/org/ow2/asm/asm/9.7.1/asm-9.7.1.jar:/home/sietse/.m2/repository/org/assertj/assertj-core/3.26.3/assertj-core-3.26.3.jar:/home/sietse/.m2/repository/org/awaitility/awaitility/4.2.2/awaitility-4.2.2.jar:/home/sietse/.m2/repository/org/hamcrest/hamcrest/2.2/hamcrest-2.2.jar:/home/sietse/.m2/repository/org/junit/jupiter/junit-jupiter/5.11.4/junit-jupiter-5.11.4.jar:/home/sietse/.m2/repository/org/junit/jupiter/junit-jupiter-api/5.11.4/junit-jupiter-api-5.11.4.jar:/home/sietse/.m2/repository/org/opentest4j/opentest4j/1.3.0/opentest4j-1.3.0.jar:/home/sietse/.m2/repository/org/junit/platform/junit-platform-commons/1.11.4/junit-platform-commons-1.11.4.jar:/home/sietse/.m2/repository/org/apiguardian/apiguardian-api/1.1.2/apiguardian-api-1.1.2.jar:/home/sietse/.m2/repository/org/junit/jupiter/junit-jupiter-params/5.11.4/junit-jupiter-params-5.11.4.jar:/home/sietse/.m2/repository/org/junit/jupiter/junit-jupiter-engine/5.11.4/junit-jupiter-engine-5.11.4.jar:/home/sietse/.m2/repository/org/junit/platform/junit-platform-engine/1.11.4/junit-platform-engine-1.11.4.jar:/home/sietse/.m2/repository/org/mockito/mockito-core/5.14.2/mockito-core-5.14.2.jar:/home/sietse/.m2/repository/net/bytebuddy/byte-buddy-agent/1.15.11/byte-buddy-agent-1.15.11.jar:/home/sietse/.m2/repository/org/objenesis/objenesis/3.3/objenesis-3.3.jar:/home/sietse/.m2/repository/org/mockito/mockito-junit-jupiter/5.14.2/mockito-junit-jupiter-5.14.2.jar:/home/sietse/.m2/repository/org/skyscreamer/jsonassert/1.5.3/jsonassert-1.5.3.jar:/home/sietse/.m2/repository/com/vaadin/external/google/android-json/0.0.20131108.vaadin1/android-json-0.0.20131108.vaadin1.jar:/home/sietse/.m2/repository/org/springframework/spring-core/6.2.5/spring-core-6.2.5.jar:/home/sietse/.m2/repository/org/springframework/spring-jcl/6.2.5/spring-jcl-6.2.5.jar:/home/sietse/.m2/repository/org/springframework/spring-test/6.2.5/spring-test-6.2.5.jar:/home/sietse/.m2/repository/org/xmlunit/xmlunit-core/2.10.0/xmlunit-core-2.10.0.jar:/home/sietse/.m2/repository/com/auth0/java-jwt/3.18.2/java-jwt-3.18.2.jar:/home/sietse/.m2/repository/com/fasterxml/jackson/core/jackson-databind/2.18.3/jackson-databind-2.18.3.jar:/home/sietse/.m2/repository/com/h2database/h2/2.3.232/h2-2.3.232.jar:/home/sietse/.m2/repository/com/mysql/mysql-connector-j/9.2.0/mysql-connector-j-9.2.0.jar:/home/sietse/.m2/repository/org/hibernate/orm/hibernate-core/6.5.2.Final/hibernate-core-6.5.2.Final.jar:/home/sietse/.m2/repository/jakarta/persistence/jakarta.persistence-api/3.1.0/jakarta.persistence-api-3.1.0.jar:/home/sietse/.m2/repository/jakarta/transaction/jakarta.transaction-api/2.0.1/jakarta.transaction-api-2.0.1.jar:/home/sietse/.m2/repository/org/jboss/logging/jboss-logging/3.6.1.Final/jboss-logging-3.6.1.Final.jar:/home/sietse/.m2/repository/org/hibernate/common/hibernate-commons-annotations/6.0.6.Final/hibernate-commons-annotations-6.0.6.Final.jar:/home/sietse/.m2/repository/io/smallrye/jandex/3.1.2/jandex-3.1.2.jar:/home/sietse/.m2/repository/com/fasterxml/classmate/1.7.0/classmate-1.7.0.jar:/home/sietse/.m2/repository/net/bytebuddy/byte-buddy/1.15.11/byte-buddy-1.15.11.jar:/home/sietse/.m2/repository/org/glassfish/jaxb/jaxb-runtime/4.0.5/jaxb-runtime-4.0.5.jar:/home/sietse/.m2/repository/org/glassfish/jaxb/jaxb-core/4.0.5/jaxb-core-4.0.5.jar:/home/sietse/.m2/repository/org/eclipse/angus/angus-activation/2.0.2/angus-activation-2.0.2.jar:/home/sietse/.m2/repository/org/glassfish/jaxb/txw2/4.0.5/txw2-4.0.5.jar:/home/sietse/.m2/repository/com/sun/istack/istack-commons-runtime/4.1.2/istack-commons-runtime-4.1.2.jar:/home/sietse/.m2/repository/jakarta/inject/jakarta.inject-api/2.0.1/jakarta.inject-api-2.0.1.jar:/home/sietse/.m2/repository/org/antlr/antlr4-runtime/4.13.0/antlr4-runtime-4.13.0.jar:/home/sietse/.m2/repository/io/jsonwebtoken/jjwt-api/0.11.5/jjwt-api-0.11.5.jar:/home/sietse/.m2/repository/io/jsonwebtoken/jjwt-impl/0.11.5/jjwt-impl-0.11.5.jar:/home/sietse/.m2/repository/io/jsonwebtoken/jjwt-gson/0.11.5/jjwt-gson-0.11.5.jar:/home/sietse/.m2/repository/com/google/code/gson/gson/2.11.0/gson-2.11.0.jar:/home/sietse/.m2/repository/com/google/errorprone/error_prone_annotations/2.27.0/error_prone_annotations-2.27.0.jar:/home/sietse/.m2/repository/org/springframework/boot/spring-boot-starter-security/3.4.4/spring-boot-starter-security-3.4.4.jar:/home/sietse/.m2/repository/org/springframework/spring-aop/6.2.5/spring-aop-6.2.5.jar:/home/sietse/.m2/repository/org/springframework/security/spring-security-config/6.4.4/spring-security-config-6.4.4.jar:/home/sietse/.m2/repository/org/springframework/security/spring-security-web/6.4.4/spring-security-web-6.4.4.jar:/home/sietse/.m2/repository/org/springframework/security/spring-security-test/6.4.4/spring-security-test-6.4.4.jar:/home/sietse/.m2/repository/org/springframework/security/spring-security-core/6.4.4/spring-security-core-6.4.4.jar:/home/sietse/.m2/repository/org/springframework/security/spring-security-crypto/6.4.4/spring-security-crypto-6.4.4.jar:/home/sietse/.m2/repository/org/springdoc/springdoc-openapi-starter-webmvc-ui/2.8.8/springdoc-openapi-starter-webmvc-ui-2.8.8.jar:/home/sietse/.m2/repository/org/springdoc/springdoc-openapi-starter-webmvc-api/2.8.8/springdoc-openapi-starter-webmvc-api-2.8.8.jar:/home/sietse/.m2/repository/org/springdoc/springdoc-openapi-starter-common/2.8.8/springdoc-openapi-starter-common-2.8.8.jar:/home/sietse/.m2/repository/org/springframework/boot/spring-boot-starter-validation/3.4.4/spring-boot-starter-validation-3.4.4.jar:/home/sietse/.m2/repository/org/hibernate/validator/hibernate-validator/8.0.2.Final/hibernate-validator-8.0.2.Final.jar:/home/sietse/.m2/repository/io/swagger/core/v3/swagger-core-jakarta/2.2.30/swagger-core-jakarta-2.2.30.jar:/home/sietse/.m2/repository/org/apache/commons/commons-lang3/3.17.0/commons-lang3-3.17.0.jar:/home/sietse/.m2/repository/io/swagger/core/v3/swagger-annotations-jakarta/2.2.30/swagger-annotations-jakarta-2.2.30.jar:/home/sietse/.m2/repository/io/swagger/core/v3/swagger-models-jakarta/2.2.30/swagger-models-jakarta-2.2.30.jar:/home/sietse/.m2/repository/jakarta/validation/jakarta.validation-api/3.0.2/jakarta.validation-api-3.0.2.jar:/home/sietse/.m2/repository/com/fasterxml/jackson/dataformat/jackson-dataformat-yaml/2.18.3/jackson-dataformat-yaml-2.18.3.jar:/home/sietse/.m2/repository/org/webjars/swagger-ui/5.21.0/swagger-ui-5.21.0.jar:/home/sietse/.m2/repository/org/webjars/webjars-locator-lite/1.0.1/webjars-locator-lite-1.0.1.jar:/home/sietse/.m2/repository/org/jspecify/jspecify/1.0.0/jspecify-1.0.0.jar:"/>
    <property name="java.vm.vendor" value="Ubuntu"/>
    <property name="sun.arch.data.model" value="64"/>
    <property name="java.vendor.url" value="https://ubuntu.com/"/>
    <property name="user.timezone" value="Europe/Amsterdam"/>
    <property name="org.jboss.logging.provider" value="slf4j"/>
    <property name="os.name" value="Linux"/>
    <property name="java.vm.specification.version" value="21"/>
    <property name="APPLICATION_NAME" value="bankingApp"/>
    <property name="sun.java.launcher" value="SUN_STANDARD"/>
    <property name="user.country" value="US"/>
    <property name="sun.boot.library.path" value="/usr/lib/jvm/java-21-openjdk-amd64/lib"/>
    <property name="sun.java.command" value="/media/sietse/Data/InHolland/year-2/term4/Banking-Project/Back-End/target/surefire/surefirebooter-20250613121514824_3.jar /media/sietse/Data/InHolland/year-2/term4/Banking-Project/Back-End/target/surefire 2025-06-13T12-15-14_673-jvmRun1 surefire-20250613121514824_1tmp surefire_0-20250613121514824_2tmp"/>
    <property name="jdk.debug" value="release"/>
    <property name="surefire.test.class.path" value="/media/sietse/Data/InHolland/year-2/term4/Banking-Project/Back-End/target/test-classes:/media/sietse/Data/InHolland/year-2/term4/Banking-Project/Back-End/target/classes:/home/sietse/.m2/repository/org/springframework/boot/spring-boot-starter-web/3.4.4/spring-boot-starter-web-3.4.4.jar:/home/sietse/.m2/repository/org/springframework/boot/spring-boot-starter/3.4.4/spring-boot-starter-3.4.4.jar:/home/sietse/.m2/repository/org/springframework/boot/spring-boot/3.4.4/spring-boot-3.4.4.jar:/home/sietse/.m2/repository/org/springframework/boot/spring-boot-autoconfigure/3.4.4/spring-boot-autoconfigure-3.4.4.jar:/home/sietse/.m2/repository/org/springframework/boot/spring-boot-starter-logging/3.4.4/spring-boot-starter-logging-3.4.4.jar:/home/sietse/.m2/repository/ch/qos/logback/logback-classic/1.5.18/logback-classic-1.5.18.jar:/home/sietse/.m2/repository/ch/qos/logback/logback-core/1.5.18/logback-core-1.5.18.jar:/home/sietse/.m2/repository/org/apache/logging/log4j/log4j-to-slf4j/2.24.3/log4j-to-slf4j-2.24.3.jar:/home/sietse/.m2/repository/org/apache/logging/log4j/log4j-api/2.24.3/log4j-api-2.24.3.jar:/home/sietse/.m2/repository/org/slf4j/jul-to-slf4j/2.0.17/jul-to-slf4j-2.0.17.jar:/home/sietse/.m2/repository/jakarta/annotation/jakarta.annotation-api/2.1.1/jakarta.annotation-api-2.1.1.jar:/home/sietse/.m2/repository/org/yaml/snakeyaml/2.3/snakeyaml-2.3.jar:/home/sietse/.m2/repository/org/springframework/boot/spring-boot-starter-json/3.4.4/spring-boot-starter-json-3.4.4.jar:/home/sietse/.m2/repository/com/fasterxml/jackson/datatype/jackson-datatype-jdk8/2.18.3/jackson-datatype-jdk8-2.18.3.jar:/home/sietse/.m2/repository/com/fasterxml/jackson/module/jackson-module-parameter-names/2.18.3/jackson-module-parameter-names-2.18.3.jar:/home/sietse/.m2/repository/org/springframework/boot/spring-boot-starter-tomcat/3.4.4/spring-boot-starter-tomcat-3.4.4.jar:/home/sietse/.m2/repository/org/apache/tomcat/embed/tomcat-embed-core/10.1.39/tomcat-embed-core-10.1.39.jar:/home/sietse/.m2/repository/org/apache/tomcat/embed/tomcat-embed-el/10.1.39/tomcat-embed-el-10.1.39.jar:/home/sietse/.m2/repository/org/apache/tomcat/embed/tomcat-embed-websocket/10.1.39/tomcat-embed-websocket-10.1.39.jar:/home/sietse/.m2/repository/org/springframework/spring-web/6.2.5/spring-web-6.2.5.jar:/home/sietse/.m2/repository/org/springframework/spring-beans/6.2.5/spring-beans-6.2.5.jar:/home/sietse/.m2/repository/io/micrometer/micrometer-observation/1.14.5/micrometer-observation-1.14.5.jar:/home/sietse/.m2/repository/io/micrometer/micrometer-commons/1.14.5/micrometer-commons-1.14.5.jar:/home/sietse/.m2/repository/org/springframework/spring-webmvc/6.2.5/spring-webmvc-6.2.5.jar:/home/sietse/.m2/repository/org/springframework/spring-context/6.2.5/spring-context-6.2.5.jar:/home/sietse/.m2/repository/org/springframework/spring-expression/6.2.5/spring-expression-6.2.5.jar:/home/sietse/.m2/repository/org/springframework/boot/spring-boot-starter-data-jpa/3.4.4/spring-boot-starter-data-jpa-3.4.4.jar:/home/sietse/.m2/repository/org/springframework/boot/spring-boot-starter-jdbc/3.4.4/spring-boot-starter-jdbc-3.4.4.jar:/home/sietse/.m2/repository/com/zaxxer/HikariCP/5.1.0/HikariCP-5.1.0.jar:/home/sietse/.m2/repository/org/springframework/spring-jdbc/6.2.5/spring-jdbc-6.2.5.jar:/home/sietse/.m2/repository/org/springframework/data/spring-data-jpa/3.4.4/spring-data-jpa-3.4.4.jar:/home/sietse/.m2/repository/org/springframework/data/spring-data-commons/3.4.4/spring-data-commons-3.4.4.jar:/home/sietse/.m2/repository/org/springframework/spring-orm/6.2.5/spring-orm-6.2.5.jar:/home/sietse/.m2/repository/org/springframework/spring-tx/6.2.5/spring-tx-6.2.5.jar:/home/sietse/.m2/repository/org/slf4j/slf4j-api/2.0.17/slf4j-api-2.0.17.jar:/home/sietse/.m2/repository/org/springframework/spring-aspects/6.2.5/spring-aspects-6.2.5.jar:/home/sietse/.m2/repository/org/aspectj/aspectjweaver/1.9.23/aspectjweaver-1.9.23.jar:/home/sietse/.m2/repository/org/flywaydb/flyway-core/10.20.1/flyway-core-10.20.1.jar:/home/sietse/.m2/repository/com/fasterxml/jackson/dataformat/jackson-dataformat-toml/2.18.3/jackson-dataformat-toml-2.18.3.jar:/home/sietse/.m2/repository/com/fasterxml/jackson/core/jackson-core/2.18.3/jackson-core-2.18.3.jar:/home/sietse/.m2/repository/com/fasterxml/jackson/datatype/jackson-datatype-jsr310/2.18.3/jackson-datatype-jsr310-2.18.3.jar:/home/sietse/.m2/repository/com/fasterxml/jackson/core/jackson-annotations/2.18.3/jackson-annotations-2.18.3.jar:/home/sietse/.m2/repository/org/springframework/boot/spring-boot-starter-test/3.4.4/spring-boot-starter-test-3.4.4.jar:/home/sietse/.m2/repository/org/springframework/boot/spring-boot-test/3.4.4/spring-boot-test-3.4.4.jar:/home/sietse/.m2/repository/org/springframework/boot/spring-boot-test-autoconfigure/3.4.4/spring-boot-test-autoconfigure-3.4.4.jar:/home/sietse/.m2/repository/com/jayway/jsonpath/json-path/2.9.0/json-path-2.9.0.jar:/home/sietse/.m2/repository/jakarta/xml/bind/jakarta.xml.bind-api/4.0.2/jakarta.xml.bind-api-4.0.2.jar:/home/sietse/.m2/repository/jakarta/activation/jakarta.activation-api/2.1.3/jakarta.activation-api-2.1.3.jar:/home/sietse/.m2/repository/net/minidev/json-smart/2.5.2/json-smart-2.5.2.jar:/home/sietse/.m2/repository/net/minidev/accessors-smart/2.5.2/accessors-smart-2.5.2.jar:/home/sietse/.m2/repository/org/ow2/asm/asm/9.7.1/asm-9.7.1.jar:/home/sietse/.m2/repository/org/assertj/assertj-core/3.26.3/assertj-core-3.26.3.jar:/home/sietse/.m2/repository/org/awaitility/awaitility/4.2.2/awaitility-4.2.2.jar:/home/sietse/.m2/repository/org/hamcrest/hamcrest/2.2/hamcrest-2.2.jar:/home/sietse/.m2/repository/org/junit/jupiter/junit-jupiter/5.11.4/junit-jupiter-5.11.4.jar:/home/sietse/.m2/repository/org/junit/jupiter/junit-jupiter-api/5.11.4/junit-jupiter-api-5.11.4.jar:/home/sietse/.m2/repository/org/opentest4j/opentest4j/1.3.0/opentest4j-1.3.0.jar:/home/sietse/.m2/repository/org/junit/platform/junit-platform-commons/1.11.4/junit-platform-commons-1.11.4.jar:/home/sietse/.m2/repository/org/apiguardian/apiguardian-api/1.1.2/apiguardian-api-1.1.2.jar:/home/sietse/.m2/repository/org/junit/jupiter/junit-jupiter-params/5.11.4/junit-jupiter-params-5.11.4.jar:/home/sietse/.m2/repository/org/junit/jupiter/junit-jupiter-engine/5.11.4/junit-jupiter-engine-5.11.4.jar:/home/sietse/.m2/repository/org/junit/platform/junit-platform-engine/1.11.4/junit-platform-engine-1.11.4.jar:/home/sietse/.m2/repository/org/mockito/mockito-core/5.14.2/mockito-core-5.14.2.jar:/home/sietse/.m2/repository/net/bytebuddy/byte-buddy-agent/1.15.11/byte-buddy-agent-1.15.11.jar:/home/sietse/.m2/repository/org/objenesis/objenesis/3.3/objenesis-3.3.jar:/home/sietse/.m2/repository/org/mockito/mockito-junit-jupiter/5.14.2/mockito-junit-jupiter-5.14.2.jar:/home/sietse/.m2/repository/org/skyscreamer/jsonassert/1.5.3/jsonassert-1.5.3.jar:/home/sietse/.m2/repository/com/vaadin/external/google/android-json/0.0.20131108.vaadin1/android-json-0.0.20131108.vaadin1.jar:/home/sietse/.m2/repository/org/springframework/spring-core/6.2.5/spring-core-6.2.5.jar:/home/sietse/.m2/repository/org/springframework/spring-jcl/6.2.5/spring-jcl-6.2.5.jar:/home/sietse/.m2/repository/org/springframework/spring-test/6.2.5/spring-test-6.2.5.jar:/home/sietse/.m2/repository/org/xmlunit/xmlunit-core/2.10.0/xmlunit-core-2.10.0.jar:/home/sietse/.m2/repository/com/auth0/java-jwt/3.18.2/java-jwt-3.18.2.jar:/home/sietse/.m2/repository/com/fasterxml/jackson/core/jackson-databind/2.18.3/jackson-databind-2.18.3.jar:/home/sietse/.m2/repository/com/h2database/h2/2.3.232/h2-2.3.232.jar:/home/sietse/.m2/repository/com/mysql/mysql-connector-j/9.2.0/mysql-connector-j-9.2.0.jar:/home/sietse/.m2/repository/org/hibernate/orm/hibernate-core/6.5.2.Final/hibernate-core-6.5.2.Final.jar:/home/sietse/.m2/repository/jakarta/persistence/jakarta.persistence-api/3.1.0/jakarta.persistence-api-3.1.0.jar:/home/sietse/.m2/repository/jakarta/transaction/jakarta.transaction-api/2.0.1/jakarta.transaction-api-2.0.1.jar:/home/sietse/.m2/repository/org/jboss/logging/jboss-logging/3.6.1.Final/jboss-logging-3.6.1.Final.jar:/home/sietse/.m2/repository/org/hibernate/common/hibernate-commons-annotations/6.0.6.Final/hibernate-commons-annotations-6.0.6.Final.jar:/home/sietse/.m2/repository/io/smallrye/jandex/3.1.2/jandex-3.1.2.jar:/home/sietse/.m2/repository/com/fasterxml/classmate/1.7.0/classmate-1.7.0.jar:/home/sietse/.m2/repository/net/bytebuddy/byte-buddy/1.15.11/byte-buddy-1.15.11.jar:/home/sietse/.m2/repository/org/glassfish/jaxb/jaxb-runtime/4.0.5/jaxb-runtime-4.0.5.jar:/home/sietse/.m2/repository/org/glassfish/jaxb/jaxb-core/4.0.5/jaxb-core-4.0.5.jar:/home/sietse/.m2/repository/org/eclipse/angus/angus-activation/2.0.2/angus-activation-2.0.2.jar:/home/sietse/.m2/repository/org/glassfish/jaxb/txw2/4.0.5/txw2-4.0.5.jar:/home/sietse/.m2/repository/com/sun/istack/istack-commons-runtime/4.1.2/istack-commons-runtime-4.1.2.jar:/home/sietse/.m2/repository/jakarta/inject/jakarta.inject-api/2.0.1/jakarta.inject-api-2.0.1.jar:/home/sietse/.m2/repository/org/antlr/antlr4-runtime/4.13.0/antlr4-runtime-4.13.0.jar:/home/sietse/.m2/repository/io/jsonwebtoken/jjwt-api/0.11.5/jjwt-api-0.11.5.jar:/home/sietse/.m2/repository/io/jsonwebtoken/jjwt-impl/0.11.5/jjwt-impl-0.11.5.jar:/home/sietse/.m2/repository/io/jsonwebtoken/jjwt-gson/0.11.5/jjwt-gson-0.11.5.jar:/home/sietse/.m2/repository/com/google/code/gson/gson/2.11.0/gson-2.11.0.jar:/home/sietse/.m2/repository/com/google/errorprone/error_prone_annotations/2.27.0/error_prone_annotations-2.27.0.jar:/home/sietse/.m2/repository/org/springframework/boot/spring-boot-starter-security/3.4.4/spring-boot-starter-security-3.4.4.jar:/home/sietse/.m2/repository/org/springframework/spring-aop/6.2.5/spring-aop-6.2.5.jar:/home/sietse/.m2/repository/org/springframework/security/spring-security-config/6.4.4/spring-security-config-6.4.4.jar:/home/sietse/.m2/repository/org/springframework/security/spring-security-web/6.4.4/spring-security-web-6.4.4.jar:/home/sietse/.m2/repository/org/springframework/security/spring-security-test/6.4.4/spring-security-test-6.4.4.jar:/home/sietse/.m2/repository/org/springframework/security/spring-security-core/6.4.4/spring-security-core-6.4.4.jar:/home/sietse/.m2/repository/org/springframework/security/spring-security-crypto/6.4.4/spring-security-crypto-6.4.4.jar:/home/sietse/.m2/repository/org/springdoc/springdoc-openapi-starter-webmvc-ui/2.8.8/springdoc-openapi-starter-webmvc-ui-2.8.8.jar:/home/sietse/.m2/repository/org/springdoc/springdoc-openapi-starter-webmvc-api/2.8.8/springdoc-openapi-starter-webmvc-api-2.8.8.jar:/home/sietse/.m2/repository/org/springdoc/springdoc-openapi-starter-common/2.8.8/springdoc-openapi-starter-common-2.8.8.jar:/home/sietse/.m2/repository/org/springframework/boot/spring-boot-starter-validation/3.4.4/spring-boot-starter-validation-3.4.4.jar:/home/sietse/.m2/repository/org/hibernate/validator/hibernate-validator/8.0.2.Final/hibernate-validator-8.0.2.Final.jar:/home/sietse/.m2/repository/io/swagger/core/v3/swagger-core-jakarta/2.2.30/swagger-core-jakarta-2.2.30.jar:/home/sietse/.m2/repository/org/apache/commons/commons-lang3/3.17.0/commons-lang3-3.17.0.jar:/home/sietse/.m2/repository/io/swagger/core/v3/swagger-annotations-jakarta/2.2.30/swagger-annotations-jakarta-2.2.30.jar:/home/sietse/.m2/repository/io/swagger/core/v3/swagger-models-jakarta/2.2.30/swagger-models-jakarta-2.2.30.jar:/home/sietse/.m2/repository/jakarta/validation/jakarta.validation-api/3.0.2/jakarta.validation-api-3.0.2.jar:/home/sietse/.m2/repository/com/fasterxml/jackson/dataformat/jackson-dataformat-yaml/2.18.3/jackson-dataformat-yaml-2.18.3.jar:/home/sietse/.m2/repository/org/webjars/swagger-ui/5.21.0/swagger-ui-5.21.0.jar:/home/sietse/.m2/repository/org/webjars/webjars-locator-lite/1.0.1/webjars-locator-lite-1.0.1.jar:/home/sietse/.m2/repository/org/jspecify/jspecify/1.0.0/jspecify-1.0.0.jar:"/>
    <property name="sun.cpu.endian" value="little"/>
    <property name="user.home" value="/home/sietse"/>
    <property name="user.language" value="en"/>
    <property name="java.specification.vendor" value="Oracle Corporation"/>
    <property name="java.version.date" value="2025-04-15"/>
    <property name="java.home" value="/usr/lib/jvm/java-21-openjdk-amd64"/>
    <property name="file.separator" value="/"/>
    <property name="basedir" value="/media/sietse/Data/InHolland/year-2/term4/Banking-Project/Back-End"/>
    <property name="java.vm.compressedOopsMode" value="32-bit"/>
    <property name="line.separator" value="&#10;"/>
    <property name="java.vm.specification.vendor" value="Oracle Corporation"/>
    <property name="java.specification.name" value="Java Platform API Specification"/>
    <property name="FILE_LOG_CHARSET" value="UTF-8"/>
    <property name="java.awt.headless" value="true"/>
    <property name="surefire.real.class.path" value="/media/sietse/Data/InHolland/year-2/term4/Banking-Project/Back-End/target/surefire/surefirebooter-20250613121514824_3.jar"/>
    <property name="polyglot.engine.WarnInterpreterOnly" value="false"/>
    <property name="sun.management.compiler" value="HotSpot 64-Bit Tiered Compilers"/>
    <property name="java.runtime.version" value="21.0.7+6-Ubuntu-0ubuntu122.04"/>
    <property name="user.name" value="sietse"/>
    <property name="stdout.encoding" value="UTF-8"/>
    <property name="path.separator" value=":"/>
    <property name="os.version" value="5.15.0-139-generic"/>
    <property name="java.runtime.name" value="OpenJDK Runtime Environment"/>
    <property name="file.encoding" value="UTF-8"/>
    <property name="java.vm.name" value="OpenJDK 64-Bit Server VM"/>
    <property name="localRepository" value="/home/sietse/.m2/repository"/>
    <property name="java.vendor.url.bug" value="https://bugs.launchpad.net/ubuntu/+source/openjdk-21"/>
    <property name="java.io.tmpdir" value="/tmp"/>
    <property name="com.zaxxer.hikari.pool_number" value="2"/>
    <property name="java.version" value="21.0.7"/>
    <property name="user.dir" value="/media/sietse/Data/InHolland/year-2/term4/Banking-Project/Back-End"/>
    <property name="os.arch" value="amd64"/>
    <property name="java.vm.specification.name" value="Java Virtual Machine Specification"/>
    <property name="PID" value="12697"/>
    <property name="CONSOLE_LOG_CHARSET" value="UTF-8"/>
    <property name="native.encoding" value="UTF-8"/>
    <property name="java.library.path" value="/usr/java/packages/lib:/usr/lib/x86_64-linux-gnu/jni:/lib/x86_64-linux-gnu:/usr/lib/x86_64-linux-gnu:/usr/lib/jni:/lib:/usr/lib"/>
    <property name="java.vm.info" value="mixed mode, sharing"/>
    <property name="stderr.encoding" value="UTF-8"/>
    <property name="java.vendor" value="Ubuntu"/>
    <property name="java.vm.version" value="21.0.7+6-Ubuntu-0ubuntu122.04"/>
    <property name="sun.io.unicode.encoding" value="UnicodeLittle"/>
    <property name="java.class.version" value="65.0"/>
    <property name="LOGGED_APPLICATION_NAME" value="[bankingApp] "/>
  </properties>
  <testcase name="publicCanAccessRegister" classname="group3.bankingApp.config.SecurityAuthorizationTest" time="0.973">
    <system-out><![CDATA[2025-06-13T12:15:31.755+02:00  INFO 12697 --- [bankingApp] [           main] t.c.s.AnnotationConfigContextLoaderUtils : Could not detect default configuration classes for test class [group3.bankingApp.config.SecurityAuthorizationTest]: SecurityAuthorizationTest does not declare any static, non-private, non-final, nested classes annotated with @Configuration.
2025-06-13T12:15:31.822+02:00  INFO 12697 --- [bankingApp] [           main] .b.t.c.SpringBootTestContextBootstrapper : Found @SpringBootConfiguration group3.bankingApp.BankingAppApplication for test class group3.bankingApp.config.SecurityAuthorizationTest

  .   ____          _            __ _ _
 /\\ / ___'_ __ _ _(_)_ __  __ _ \ \ \ \
( ( )\___ | '_ | '_| | '_ \/ _` | \ \ \ \
 \\/  ___)| |_)| | | | | || (_| |  ) ) ) )
  '  |____| .__|_| |_|_| |_\__, | / / / /
 =========|_|==============|___/=/_/_/_/

 :: Spring Boot ::                (v3.4.4)

2025-06-13T12:15:31.877+02:00  INFO 12697 --- [bankingApp] [           main] g.b.config.SecurityAuthorizationTest     : Starting SecurityAuthorizationTest using Java 21.0.7 with PID 12697 (started by sietse in /media/sietse/Data/InHolland/year-2/term4/Banking-Project/Back-End)
2025-06-13T12:15:31.878+02:00  INFO 12697 --- [bankingApp] [           main] g.b.config.SecurityAuthorizationTest     : No active profile set, falling back to 1 default profile: "default"
2025-06-13T12:15:32.423+02:00  INFO 12697 --- [bankingApp] [           main] .s.d.r.c.RepositoryConfigurationDelegate : Bootstrapping Spring Data JPA repositories in DEFAULT mode.
2025-06-13T12:15:32.478+02:00  INFO 12697 --- [bankingApp] [           main] .s.d.r.c.RepositoryConfigurationDelegate : Finished Spring Data repository scanning in 53 ms. Found 3 JPA repository interfaces.
2025-06-13T12:15:32.680+02:00  INFO 12697 --- [bankingApp] [           main] com.zaxxer.hikari.HikariDataSource       : HikariPool-2 - Starting...
2025-06-13T12:15:32.686+02:00  INFO 12697 --- [bankingApp] [           main] com.zaxxer.hikari.pool.HikariPool        : HikariPool-2 - Added connection conn10: url=jdbc:h2:mem:db user=ADMIN
2025-06-13T12:15:32.686+02:00  INFO 12697 --- [bankingApp] [           main] com.zaxxer.hikari.HikariDataSource       : HikariPool-2 - Start completed.
2025-06-13T12:15:32.690+02:00  INFO 12697 --- [bankingApp] [           main] org.flywaydb.core.FlywayExecutor         : Database: jdbc:h2:mem:db (H2 2.3)
2025-06-13T12:15:32.692+02:00  WARN 12697 --- [bankingApp] [           main] o.f.c.internal.database.base.Database    : Flyway upgrade recommended: H2 2.3.232 is newer than this version of Flyway and support has not been tested. The latest supported version of H2 is 2.2.224.
2025-06-13T12:15:32.714+02:00  INFO 12697 --- [bankingApp] [           main] o.f.core.internal.command.DbValidate     : Successfully validated 9 migrations (execution time 00:00.019s)
2025-06-13T12:15:32.720+02:00  INFO 12697 --- [bankingApp] [           main] o.f.core.internal.command.DbMigrate      : Current version of schema "PUBLIC": 16
2025-06-13T12:15:32.721+02:00  INFO 12697 --- [bankingApp] [           main] o.f.core.internal.command.DbMigrate      : Schema "PUBLIC" is up to date. No migration necessary.
2025-06-13T12:15:32.763+02:00  INFO 12697 --- [bankingApp] [           main] o.hibernate.jpa.internal.util.LogHelper  : HHH000204: Processing PersistenceUnitInfo [name: default]
2025-06-13T12:15:32.776+02:00  INFO 12697 --- [bankingApp] [           main] o.h.c.internal.RegionFactoryInitiator    : HHH000026: Second-level cache disabled
2025-06-13T12:15:32.802+02:00  INFO 12697 --- [bankingApp] [           main] o.s.o.j.p.SpringPersistenceUnitInfo      : No LoadTimeWeaver setup: ignoring JPA class transformer
2025-06-13T12:15:32.986+02:00  INFO 12697 --- [bankingApp] [           main] o.h.e.t.j.p.i.JtaPlatformInitiator       : HHH000489: No JTA platform available (set 'hibernate.transaction.jta.platform' to enable JTA platform integration)
2025-06-13T12:15:32.986+02:00  INFO 12697 --- [bankingApp] [           main] j.LocalContainerEntityManagerFactoryBean : Initialized JPA EntityManagerFactory for persistence unit 'default'
2025-06-13T12:15:33.232+02:00  WARN 12697 --- [bankingApp] [           main] JpaBaseConfiguration$JpaWebConfiguration : spring.jpa.open-in-view is enabled by default. Therefore, database queries may be performed during view rendering. Explicitly configure spring.jpa.open-in-view to disable this warning
2025-06-13T12:15:33.251+02:00  INFO 12697 --- [bankingApp] [           main] r$InitializeUserDetailsManagerConfigurer : Global AuthenticationManager configured with UserDetailsService bean with name customUserDetailsService
2025-06-13T12:15:33.633+02:00  INFO 12697 --- [bankingApp] [           main] o.s.b.a.h2.H2ConsoleAutoConfiguration    : H2 console available at '/h2-console'. Database available at 'jdbc:h2:mem:db'
2025-06-13T12:15:33.778+02:00  INFO 12697 --- [bankingApp] [           main] o.s.b.t.m.w.SpringBootMockServletContext : Initializing Spring TestDispatcherServlet ''
2025-06-13T12:15:33.778+02:00  INFO 12697 --- [bankingApp] [           main] o.s.t.web.servlet.TestDispatcherServlet  : Initializing Servlet ''
2025-06-13T12:15:33.780+02:00  INFO 12697 --- [bankingApp] [           main] o.s.t.web.servlet.TestDispatcherServlet  : Completed initialization in 2 ms
2025-06-13T12:15:33.801+02:00  INFO 12697 --- [bankingApp] [           main] g.b.config.SecurityAuthorizationTest     : Started SecurityAuthorizationTest in 1.972 seconds (process running for 18.875)
Hibernate: 
    select
        u1_0.userid,
        u1_0.bsn,
        u1_0.email,
        u1_0.password,
        u1_0.phonenumber,
        u1_0.role,
        u1_0.username,
        u1_0.verify_user 
    from
        users u1_0 
    where
        u1_0.username=?
Hibernate: 
    insert 
    into
        users
        (bsn, email, password, phonenumber, role, username, verify_user, userid) 
    values
        (?, ?, ?, ?, ?, ?, ?, default)
Hibernate: 
    select
        u1_0.userid,
        u1_0.bsn,
        u1_0.email,
        u1_0.password,
        u1_0.phonenumber,
        u1_0.role,
        u1_0.username,
        u1_0.verify_user 
    from
        users u1_0 
    where
        u1_0.username=?
Hibernate: 
    insert 
    into
        users
        (bsn, email, password, phonenumber, role, username, verify_user, userid) 
    values
        (?, ?, ?, ?, ?, ?, ?, default)
2025-06-13T12:15:34.319+02:00  INFO 12697 --- [bankingApp] [           main] g.bankingApp.security.JwtTokenFilter     : request url:/api/user/auth/login
2025-06-13T12:15:34.323+02:00  INFO 12697 --- [bankingApp] [           main] g.bankingApp.security.JwtTokenFilter     : request url:/api/user/auth/login
Login attempt for username: 'employee1'
Hibernate: 
    select
        u1_0.userid,
        u1_0.bsn,
        u1_0.email,
        u1_0.password,
        u1_0.phonenumber,
        u1_0.role,
        u1_0.username,
        u1_0.verify_user 
    from
        users u1_0 
    where
        u1_0.username=?
Found user: employee1
VerifyStatus: ACTIVE
[INFO] Token generated successfully for: employee1
2025-06-13T12:15:34.580+02:00  INFO 12697 --- [bankingApp] [           main] g.bankingApp.security.JwtTokenFilter     : request url:/api/user/auth/login
2025-06-13T12:15:34.581+02:00  INFO 12697 --- [bankingApp] [           main] g.bankingApp.security.JwtTokenFilter     : request url:/api/user/auth/login
Login attempt for username: 'customer1'
Hibernate: 
    select
        u1_0.userid,
        u1_0.bsn,
        u1_0.email,
        u1_0.password,
        u1_0.phonenumber,
        u1_0.role,
        u1_0.username,
        u1_0.verify_user 
    from
        users u1_0 
    where
        u1_0.username=?
Found user: customer1
VerifyStatus: ACTIVE
[INFO] Token generated successfully for: customer1
2025-06-13T12:15:34.667+02:00  INFO 12697 --- [bankingApp] [           main] g.bankingApp.security.JwtTokenFilter     : request url:/api/user/auth/register
2025-06-13T12:15:34.667+02:00  INFO 12697 --- [bankingApp] [           main] g.bankingApp.security.JwtTokenFilter     : request url:/api/user/auth/register
Hibernate: 
    select
        u1_0.userid,
        u1_0.bsn,
        u1_0.email,
        u1_0.password,
        u1_0.phonenumber,
        u1_0.role,
        u1_0.username,
        u1_0.verify_user 
    from
        users u1_0 
    where
        u1_0.username=?
Hibernate: 
    select
        u1_0.userid,
        u1_0.bsn,
        u1_0.email,
        u1_0.password,
        u1_0.phonenumber,
        u1_0.role,
        u1_0.username,
        u1_0.verify_user 
    from
        users u1_0 
    where
        u1_0.email=?
Hibernate: 
    select
        u1_0.userid,
        u1_0.bsn,
        u1_0.email,
        u1_0.password,
        u1_0.phonenumber,
        u1_0.role,
        u1_0.username,
        u1_0.verify_user 
    from
        users u1_0 
    where
        u1_0.bsn=?
Hibernate: 
    insert 
    into
        users
        (bsn, email, password, phonenumber, role, username, verify_user, userid) 
    values
        (?, ?, ?, ?, ?, ?, ?, default)
]]></system-out>
  </testcase>
  <testcase name="customerCanAccessCustomerTransactionApi" classname="group3.bankingApp.config.SecurityAuthorizationTest" time="0.256">
    <system-out><![CDATA[Hibernate: 
    select
        u1_0.userid,
        u1_0.bsn,
        u1_0.email,
        u1_0.password,
        u1_0.phonenumber,
        u1_0.role,
        u1_0.username,
        u1_0.verify_user 
    from
        users u1_0 
    where
        u1_0.username=?
Hibernate: 
    select
        u1_0.userid,
        u1_0.bsn,
        u1_0.email,
        u1_0.password,
        u1_0.phonenumber,
        u1_0.role,
        u1_0.username,
        u1_0.verify_user 
    from
        users u1_0 
    where
        u1_0.username=?
2025-06-13T12:15:34.785+02:00  INFO 12697 --- [bankingApp] [           main] g.bankingApp.security.JwtTokenFilter     : request url:/api/user/auth/login
2025-06-13T12:15:34.785+02:00  INFO 12697 --- [bankingApp] [           main] g.bankingApp.security.JwtTokenFilter     : request url:/api/user/auth/login
Login attempt for username: 'employee1'
Hibernate: 
    select
        u1_0.userid,
        u1_0.bsn,
        u1_0.email,
        u1_0.password,
        u1_0.phonenumber,
        u1_0.role,
        u1_0.username,
        u1_0.verify_user 
    from
        users u1_0 
    where
        u1_0.username=?
Found user: employee1
VerifyStatus: ACTIVE
[INFO] Token generated successfully for: employee1
2025-06-13T12:15:34.870+02:00  INFO 12697 --- [bankingApp] [           main] g.bankingApp.security.JwtTokenFilter     : request url:/api/user/auth/login
2025-06-13T12:15:34.870+02:00  INFO 12697 --- [bankingApp] [           main] g.bankingApp.security.JwtTokenFilter     : request url:/api/user/auth/login
Login attempt for username: 'customer1'
Hibernate: 
    select
        u1_0.userid,
        u1_0.bsn,
        u1_0.email,
        u1_0.password,
        u1_0.phonenumber,
        u1_0.role,
        u1_0.username,
        u1_0.verify_user 
    from
        users u1_0 
    where
        u1_0.username=?
Found user: customer1
VerifyStatus: ACTIVE
[INFO] Token generated successfully for: customer1
2025-06-13T12:15:34.957+02:00  INFO 12697 --- [bankingApp] [           main] g.bankingApp.security.JwtTokenFilter     : recieved JWT token
2025-06-13T12:15:34.993+02:00  INFO 12697 --- [bankingApp] [           main] g.bankingApp.security.JwtTokenProvider   : JWT token validation succeded
Hibernate: 
    select
        u1_0.userid,
        u1_0.bsn,
        u1_0.email,
        u1_0.password,
        u1_0.phonenumber,
        u1_0.role,
        u1_0.username,
        u1_0.verify_user 
    from
        users u1_0 
    where
        u1_0.username=?
2025-06-13T12:15:35.006+02:00  INFO 12697 --- [bankingApp] [           main] g.bankingApp.security.JwtTokenFilter     : request url:/api/transactions/user
2025-06-13T12:15:35.007+02:00  INFO 12697 --- [bankingApp] [           main] g.bankingApp.security.JwtTokenFilter     : recieved JWT token
2025-06-13T12:15:35.010+02:00  INFO 12697 --- [bankingApp] [           main] g.bankingApp.security.JwtTokenProvider   : JWT token validation succeded
Hibernate: 
    select
        u1_0.userid,
        u1_0.bsn,
        u1_0.email,
        u1_0.password,
        u1_0.phonenumber,
        u1_0.role,
        u1_0.username,
        u1_0.verify_user 
    from
        users u1_0 
    where
        u1_0.username=?
2025-06-13T12:15:35.015+02:00  INFO 12697 --- [bankingApp] [           main] g.bankingApp.security.JwtTokenFilter     : request url:/api/transactions/user
Hibernate: 
    select
        t1_0.transactionid,
        t1_0.amount,
        t1_0.created_at,
        t1_0.description,
        t1_0.receiver_account,
        t1_0.sender_account,
        t1_0.transaction_type 
    from
        transaction t1_0 
    left join
        account s1_0 
            on s1_0.accountid=t1_0.sender_account 
    left join
        account r1_0 
            on r1_0.accountid=t1_0.receiver_account 
    where
        s1_0.userid=? 
        or r1_0.userid=?
]]></system-out>
  </testcase>
  <testcase name="employeeCanAccessEmployeeApi" classname="group3.bankingApp.config.SecurityAuthorizationTest" time="0.235">
    <system-out><![CDATA[Hibernate: 
    select
        u1_0.userid,
        u1_0.bsn,
        u1_0.email,
        u1_0.password,
        u1_0.phonenumber,
        u1_0.role,
        u1_0.username,
        u1_0.verify_user 
    from
        users u1_0 
    where
        u1_0.username=?
Hibernate: 
    select
        u1_0.userid,
        u1_0.bsn,
        u1_0.email,
        u1_0.password,
        u1_0.phonenumber,
        u1_0.role,
        u1_0.username,
        u1_0.verify_user 
    from
        users u1_0 
    where
        u1_0.username=?
2025-06-13T12:15:35.046+02:00  INFO 12697 --- [bankingApp] [           main] g.bankingApp.security.JwtTokenFilter     : request url:/api/user/auth/login
2025-06-13T12:15:35.047+02:00  INFO 12697 --- [bankingApp] [           main] g.bankingApp.security.JwtTokenFilter     : request url:/api/user/auth/login
Login attempt for username: 'employee1'
Hibernate: 
    select
        u1_0.userid,
        u1_0.bsn,
        u1_0.email,
        u1_0.password,
        u1_0.phonenumber,
        u1_0.role,
        u1_0.username,
        u1_0.verify_user 
    from
        users u1_0 
    where
        u1_0.username=?
Found user: employee1
VerifyStatus: ACTIVE
[INFO] Token generated successfully for: employee1
2025-06-13T12:15:35.133+02:00  INFO 12697 --- [bankingApp] [           main] g.bankingApp.security.JwtTokenFilter     : request url:/api/user/auth/login
2025-06-13T12:15:35.133+02:00  INFO 12697 --- [bankingApp] [           main] g.bankingApp.security.JwtTokenFilter     : request url:/api/user/auth/login
Login attempt for username: 'customer1'
Hibernate: 
    select
        u1_0.userid,
        u1_0.bsn,
        u1_0.email,
        u1_0.password,
        u1_0.phonenumber,
        u1_0.role,
        u1_0.username,
        u1_0.verify_user 
    from
        users u1_0 
    where
        u1_0.username=?
Found user: customer1
VerifyStatus: ACTIVE
[INFO] Token generated successfully for: customer1
2025-06-13T12:15:35.217+02:00  INFO 12697 --- [bankingApp] [           main] g.bankingApp.security.JwtTokenFilter     : recieved JWT token
2025-06-13T12:15:35.219+02:00  INFO 12697 --- [bankingApp] [           main] g.bankingApp.security.JwtTokenProvider   : JWT token validation succeded
Hibernate: 
    select
        u1_0.userid,
        u1_0.bsn,
        u1_0.email,
        u1_0.password,
        u1_0.phonenumber,
        u1_0.role,
        u1_0.username,
        u1_0.verify_user 
    from
        users u1_0 
    where
        u1_0.username=?
2025-06-13T12:15:35.223+02:00  INFO 12697 --- [bankingApp] [           main] g.bankingApp.security.JwtTokenFilter     : request url:/api/employee/users/paginated
2025-06-13T12:15:35.224+02:00  INFO 12697 --- [bankingApp] [           main] g.bankingApp.security.JwtTokenFilter     : recieved JWT token
2025-06-13T12:15:35.225+02:00  INFO 12697 --- [bankingApp] [           main] g.bankingApp.security.JwtTokenProvider   : JWT token validation succeded
Hibernate: 
    select
        u1_0.userid,
        u1_0.bsn,
        u1_0.email,
        u1_0.password,
        u1_0.phonenumber,
        u1_0.role,
        u1_0.username,
        u1_0.verify_user 
    from
        users u1_0 
    where
        u1_0.username=?
2025-06-13T12:15:35.229+02:00  INFO 12697 --- [bankingApp] [           main] g.bankingApp.security.JwtTokenFilter     : request url:/api/employee/users/paginated
Hibernate: 
    select
        u1_0.userid,
        u1_0.username,
        u1_0.email,
        u1_0.phonenumber,
        u1_0.bsn,
        u1_0.verify_user,
        a1_0.account_type,
        a1_0.iban,
        a1_0.balance,
        a1_0.daily_limit,
        a1_0.absolute_limit,
        a1_0.verify_account,
        a1_0.accountid 
    from
        users u1_0 
    left join
        account a1_0 
            on u1_0.userid=a1_0.userid 
    order by
        u1_0.userid desc 
    fetch
        first ? rows only
Hibernate: 
    select
        count(u1_0.userid) 
    from
        users u1_0 
    left join
        account a1_0 
            on u1_0.userid=a1_0.userid
]]></system-out>
  </testcase>
  <testcase name="employeeCannotAccessCustomerTransactionApi" classname="group3.bankingApp.config.SecurityAuthorizationTest" time="0.197">
    <system-out><![CDATA[Hibernate: 
    select
        u1_0.userid,
        u1_0.bsn,
        u1_0.email,
        u1_0.password,
        u1_0.phonenumber,
        u1_0.role,
        u1_0.username,
        u1_0.verify_user 
    from
        users u1_0 
    where
        u1_0.username=?
Hibernate: 
    select
        u1_0.userid,
        u1_0.bsn,
        u1_0.email,
        u1_0.password,
        u1_0.phonenumber,
        u1_0.role,
        u1_0.username,
        u1_0.verify_user 
    from
        users u1_0 
    where
        u1_0.username=?
2025-06-13T12:15:35.280+02:00  INFO 12697 --- [bankingApp] [           main] g.bankingApp.security.JwtTokenFilter     : request url:/api/user/auth/login
2025-06-13T12:15:35.280+02:00  INFO 12697 --- [bankingApp] [           main] g.bankingApp.security.JwtTokenFilter     : request url:/api/user/auth/login
Login attempt for username: 'employee1'
Hibernate: 
    select
        u1_0.userid,
        u1_0.bsn,
        u1_0.email,
        u1_0.password,
        u1_0.phonenumber,
        u1_0.role,
        u1_0.username,
        u1_0.verify_user 
    from
        users u1_0 
    where
        u1_0.username=?
Found user: employee1
VerifyStatus: ACTIVE
[INFO] Token generated successfully for: employee1
2025-06-13T12:15:35.368+02:00  INFO 12697 --- [bankingApp] [           main] g.bankingApp.security.JwtTokenFilter     : request url:/api/user/auth/login
2025-06-13T12:15:35.369+02:00  INFO 12697 --- [bankingApp] [           main] g.bankingApp.security.JwtTokenFilter     : request url:/api/user/auth/login
Login attempt for username: 'customer1'
Hibernate: 
    select
        u1_0.userid,
        u1_0.bsn,
        u1_0.email,
        u1_0.password,
        u1_0.phonenumber,
        u1_0.role,
        u1_0.username,
        u1_0.verify_user 
    from
        users u1_0 
    where
        u1_0.username=?
Found user: customer1
VerifyStatus: ACTIVE
[INFO] Token generated successfully for: customer1
2025-06-13T12:15:35.457+02:00  INFO 12697 --- [bankingApp] [           main] g.bankingApp.security.JwtTokenFilter     : recieved JWT token
2025-06-13T12:15:35.459+02:00  INFO 12697 --- [bankingApp] [           main] g.bankingApp.security.JwtTokenProvider   : JWT token validation succeded
Hibernate: 
    select
        u1_0.userid,
        u1_0.bsn,
        u1_0.email,
        u1_0.password,
        u1_0.phonenumber,
        u1_0.role,
        u1_0.username,
        u1_0.verify_user 
    from
        users u1_0 
    where
        u1_0.username=?
2025-06-13T12:15:35.463+02:00  INFO 12697 --- [bankingApp] [           main] g.bankingApp.security.JwtTokenFilter     : request url:/api/transactions/user
]]></system-out>
  </testcase>
  <testcase name="customerCannotAccessEmployeeApi" classname="group3.bankingApp.config.SecurityAuthorizationTest" time="0.192">
    <system-out><![CDATA[Hibernate: 
    select
        u1_0.userid,
        u1_0.bsn,
        u1_0.email,
        u1_0.password,
        u1_0.phonenumber,
        u1_0.role,
        u1_0.username,
        u1_0.verify_user 
    from
        users u1_0 
    where
        u1_0.username=?
Hibernate: 
    select
        u1_0.userid,
        u1_0.bsn,
        u1_0.email,
        u1_0.password,
        u1_0.phonenumber,
        u1_0.role,
        u1_0.username,
        u1_0.verify_user 
    from
        users u1_0 
    where
        u1_0.username=?
2025-06-13T12:15:35.478+02:00  INFO 12697 --- [bankingApp] [           main] g.bankingApp.security.JwtTokenFilter     : request url:/api/user/auth/login
2025-06-13T12:15:35.479+02:00  INFO 12697 --- [bankingApp] [           main] g.bankingApp.security.JwtTokenFilter     : request url:/api/user/auth/login
Login attempt for username: 'employee1'
Hibernate: 
    select
        u1_0.userid,
        u1_0.bsn,
        u1_0.email,
        u1_0.password,
        u1_0.phonenumber,
        u1_0.role,
        u1_0.username,
        u1_0.verify_user 
    from
        users u1_0 
    where
        u1_0.username=?
Found user: employee1
VerifyStatus: ACTIVE
[INFO] Token generated successfully for: employee1
2025-06-13T12:15:35.564+02:00  INFO 12697 --- [bankingApp] [           main] g.bankingApp.security.JwtTokenFilter     : request url:/api/user/auth/login
2025-06-13T12:15:35.564+02:00  INFO 12697 --- [bankingApp] [           main] g.bankingApp.security.JwtTokenFilter     : request url:/api/user/auth/login
Login attempt for username: 'customer1'
Hibernate: 
    select
        u1_0.userid,
        u1_0.bsn,
        u1_0.email,
        u1_0.password,
        u1_0.phonenumber,
        u1_0.role,
        u1_0.username,
        u1_0.verify_user 
    from
        users u1_0 
    where
        u1_0.username=?
Found user: customer1
VerifyStatus: ACTIVE
[INFO] Token generated successfully for: customer1
2025-06-13T12:15:35.650+02:00  INFO 12697 --- [bankingApp] [           main] g.bankingApp.security.JwtTokenFilter     : recieved JWT token
2025-06-13T12:15:35.652+02:00  INFO 12697 --- [bankingApp] [           main] g.bankingApp.security.JwtTokenProvider   : JWT token validation succeded
Hibernate: 
    select
        u1_0.userid,
        u1_0.bsn,
        u1_0.email,
        u1_0.password,
        u1_0.phonenumber,
        u1_0.role,
        u1_0.username,
        u1_0.verify_user 
    from
        users u1_0 
    where
        u1_0.username=?
2025-06-13T12:15:35.657+02:00  INFO 12697 --- [bankingApp] [           main] g.bankingApp.security.JwtTokenFilter     : request url:/api/employee/users/paginated
]]></system-out>
  </testcase>
</testsuite>